<?xml version="1.0" encoding="UTF-8"?>
<!-- Generated by org.testng.reporters.JUnitReportReporter -->
<testsuite hostname="DESKTOP-NLM9CQ8" failures="0" tests="1" name="com.test.Swag.testcases.scenario_001" time="8.644" errors="0" timestamp="2024-06-05T00:24:39 IST" skipped="0">
  <testcase classname="com.test.Swag.testcases.scenario_001" name="startpageAndlogin1" time="8.644"/>
  <system-out/>
</testsuite> <!-- com.test.Swag.testcases.scenario_001 -->
